MPASM 5.77                     PROYECTO2.ASM   10-28-2020  20:43:58         PAGE  1


LOC  OBJECT CODE     LINE SOURCE TEXT
  VALUE

                      00001 ; PIC16F887 Configuration Bit Settings
                      00002 
                      00003 #include "p16f887.inc"
                      00001         LIST
                      00002 
                      00003 ;==========================================================================
                      00004 ; Build date : Nov 22 2017
                      00005 ;  MPASM PIC16F887 processor include
                      00006 ; 
                      00007 ;  (c) Copyright 1999-2017 Microchip Technology, All rights reserved
                      00008 ;==========================================================================
                      00009 
                      00810         LIST
                      00004 
                      00005 ; CONFIG1
                      00006 ; __config 0xE0D4
2007   20D4           00007  __CONFIG _CONFIG1, _FOSC_INTRC_NOCLKOUT & _WDTE_OFF & _PWRTE_OFF & _MCLRE_OFF & _CP_OFF & _CPD_OFF & _B
                            OREN_OFF & _IESO_OFF & _FCMEN_OFF & _LVP_OFF
                      00008 ; CONFIG2
                      00009 ; __config 0xFFFF
2008   3FFF           00010  __CONFIG _CONFIG2, _BOR4V_BOR40V & _WRT_OFF
                      00011  
                      00012 
                      00013 ;                               VARIABLES
                      00014 ;*******************************************************************************
                      00015 GPR_VAR     UDATA
0000                  00016 NIBBLE_H    RES 1
0001                  00017 NIBBLE_L    RES 1
0002                  00018 BANDERAS    RES 1
0003                  00019 W_TEMP      RES 1
0004                  00020 VAR_STATUS  RES 1
0005                  00021 TIEMPO_1    RES 1
0006                  00022 TIEMPO_2    RES 1
0007                  00023 DISPLAY_1   RES 1
0008                  00024 DISPLAY_2   RES 1
0009                  00025 DISPLAY_3   RES 1
000A                  00026 DISPLAY_4   RES 1
000B                  00027 EJE         RES 1
000C                  00028 ENVIAR_Y    RES 1
000D                  00029 RECIBIDO_Y1 RES 1
000E                  00030 RECIBIDO_Y2 RES 1
000F                  00031 ENVIAR_X    RES 1
0010                  00032 RECIBIDO_X1 RES 1
0011                  00033 RECIBIDO_X2 RES 1
0012                  00034 X_1         RES 1
0013                  00035 X_2         RES 1
0014                  00036 Y_1         RES 1
0015                  00037 Y_2         RES 1
0016                  00038 X_1_ENVIAR  RES 1
0017                  00039 X_2_ENVIAR  RES 1
0018                  00040 Y_1_ENVIAR  RES 1
0019                  00041 Y_2_ENVIAR  RES 1
001A                  00042 DISPLAYX1   RES 1
MPASM 5.77                     PROYECTO2.ASM   10-28-2020  20:43:58         PAGE  2


LOC  OBJECT CODE     LINE SOURCE TEXT
  VALUE

001B                  00043 DISPLAYX2   RES 1
001C                  00044 DISPLAYY1   RES 1
001D                  00045 DISPLAYY2   RES 1
                      00046    
                      00047    
                      00048             
                      00049 ;                               INTERRUPCIONES
                      00050 ;*******************************************************************************
                      00051  
                      00052 RES_VECT  CODE    0x0000            ; processor reset vector
0000   2???           00053     GOTO    START                   ; go to beginning of program
                      00054 
                      00055 ISR_VECT    CODE    0x0004
                      00056 
0004                  00057 PUSH:
0004   138B           00058     BCF     INTCON, GIE
0005   00??           00059     MOVWF   W_TEMP
0006   0E03           00060     SWAPF   STATUS, W
0007   00??           00061     MOVWF   VAR_STATUS
                      00062 
0008                  00063 ISR:
0008   190B           00064     BTFSC   INTCON, T0IF
0009   2???           00065     CALL    FUE_TMR0        ; BANDERA DEL TIMER0, DISPLAYS
000A   188C           00066     BTFSC   PIR1, TMR2IF
000B   2???           00067     CALL    FUE_TMR2        ; TIMER2 PARA AUMENTAR EL TIEMPO PARA ENVIAR DATOS
000C   1B0C           00068     BTFSC   PIR1, ADIF
000D   2???           00069     CALL    COSO_ADC        ; CONVERSION
000E   1A8C           00070     BTFSC   PIR1, RCIF
000F   2???           00071     CALL    COSO_RX         ; RECIBIR DATOS
                      00072     
0010                  00073 POP:
0010   0E??           00074     SWAPF   VAR_STATUS, W
0011   0083           00075     MOVWF   STATUS
0012   0E??           00076     SWAPF   W_TEMP, F
0013   0E??           00077     SWAPF   W_TEMP, W
0014   0009           00078     RETFIE
                      00079 
                      00080 ;                   SUB-RUTINAS DE LA INTERRUPCION 
                      00081 ;*******************************************************************************
                      00082 
0015                  00083 FUE_TMR2:
0015   1A0C           00084     BTFSC   PIR1, TXIF
0016   2???           00085     CALL    COSO_TX
0017   108C           00086     BCF     PIR1, TMR2IF
0018   0008           00087     RETURN
                      00088    
0019                  00089 FUE_TMR0:
0019   30F8           00090     MOVLW   .248
001A   0081           00091     MOVWF   TMR0
001B   2???           00092     CALL    DISPLAYS        ;VARIANDO QUE DISPLAY ESTA PRENDIDO
001C   110B           00093     BCF     INTCON, T0IF 
001D   0008           00094     RETURN
                      00095 
MPASM 5.77                     PROYECTO2.ASM   10-28-2020  20:43:58         PAGE  3


LOC  OBJECT CODE     LINE SOURCE TEXT
  VALUE

001E                  00096 COSO_ADC:
001E   1800           00097    BTFSC    EJE, 0
001F   2???           00098    GOTO     EJE_Y
Warning[207]: Found label after column 1. (EJE_X)
0020                  00099    EJE_X             ; VARIAR EN QUE VARIABLE SE GUARDA EL VALOR Y EL CANAL         
0020   081E           00100    MOVFW    ADRESH         
0021   00??           00101    MOVWF    ENVIAR_X        ;VALOR DE ADRESH A VARIABLE ENVIAR
0022   1400           00102    BSF      EJE, 0
0023   151F           00103    BSF      ADCON0, 2
0024   2???           00104    CALL     DELAY_2     ; DARLE TIEMPO ANTES DE LA SIGUIENTE CONVERSION
0025   2???           00105    GOTO     TERMINAR
                      00106    
Warning[207]: Found label after column 1. (EJE_Y)
0026                  00107    EJE_Y            ; CONVERSION EN EL CANAL AN1
0026   081E           00108    MOVFW    ADRESH  ; GUARDAR VALOR EN LA VARIABLE PARA EL EJE Y
0027   00??           00109    MOVWF    ENVIAR_Y      
0028   1000           00110    BCF      EJE, 0
0029   111F           00111    BCF      ADCON0, 2
002A   2???           00112    CALL     DELAY_2
                      00113    
Warning[207]: Found label after column 1. (TERMINAR)
002B                  00114    TERMINAR
002B   149F           00115    BSF      ADCON0, 1
002C   130C           00116    BCF      PIR1, ADIF      ;BANDERA TERMINAR CONVERSION
002D   0008           00117    RETURN
                      00118    
002E                  00119 COSO_TX:
                      00120     ;MOVLW   0X14
                      00121     ;MOVWF   ENVIAR_Y
                      00122     ;MOVLW   0xBA
                      00123     ;MOVWF   ENVIAR_X
002E   1880           00124     BTFSC   EJE, 1       ; PRIMERO ENVIAR EL VALOR EN X, LUEGO UNA COMA
002F   2???           00125     GOTO    ENVIAR_EJEY  ; LUEGO EL VALOR EN Y Y LUEGO UN ENTER
0030   1980           00126     BTFSC   EJE, 3
0031   2???           00127     GOTO    ENVIAR_COMA
                      00128     
Warning[207]: Found label after column 1. (ENVIAR_EJEX)
0032                  00129     ENVIAR_EJEX           ; EJE, 1 EN CLEAR Y EJE, 3 EN CLEAR, ENVIAR X
0032   08??           00130     MOVFW   ENVIAR_X
0033   2???           00131     CALL    TABLA_ASCII
0034   00??           00132     MOVWF   X_2_ENVIAR
0035   0E??           00133     SWAPF   ENVIAR_X, W
0036   00??           00134     MOVWF   X_2
0037   08??           00135     MOVFW   X_2
0038   2???           00136     CALL    TABLA_ASCII
0039   00??           00137     MOVWF   X_1_ENVIAR
                      00138     
003A   1A00           00139     BTFSC   EJE, 4
003B   2???           00140     GOTO    ENVIAR_X2
                      00141     
Warning[207]: Found label after column 1. (ENVIAR_X1)
003C                  00142     ENVIAR_X1
003C   08??           00143     MOVFW   X_1_ENVIAR
MPASM 5.77                     PROYECTO2.ASM   10-28-2020  20:43:58         PAGE  4


LOC  OBJECT CODE     LINE SOURCE TEXT
  VALUE

003D   0099           00144     MOVWF   TXREG
003E   1600           00145     BSF     EJE, 4
003F   0008           00146     RETURN
                      00147     
Warning[207]: Found label after column 1. (ENVIAR_X2)
0040                  00148     ENVIAR_X2
0040   08??           00149     MOVFW   X_2_ENVIAR
0041   0099           00150     MOVWF   TXREG
0042   1580           00151     BSF     EJE, 3
0043   1200           00152     BCF     EJE, 4
0044   0008           00153     RETURN
                      00154     
Warning[207]: Found label after column 1. (ENVIAR_COMA)
0045                  00155     ENVIAR_COMA         ; EJE, 1 EN CLEAR Y EJE, 3 EN SET, ENVIAR COMA
0045   302C           00156     MOVLW   .44         ; COMA EN ASCII
0046   0099           00157     MOVWF   TXREG
0047   1480           00158     BSF     EJE, 1
0048   1180           00159     BCF     EJE, 3
0049   0008           00160     RETURN
                      00161   
                      00162     
Warning[207]: Found label after column 1. (ENVIAR_EJEY)
004A                  00163     ENVIAR_EJEY                 ; EJE, 1 EN SET Y EJE, 3 EN CLEAR, ENVIAR Y
004A   1980           00164     BTFSC   EJE, 3
004B   2???           00165     GOTO    ENVIAR_ENTER
004C   08??           00166     MOVFW   ENVIAR_Y
004D   2???           00167     CALL    TABLA_ASCII
004E   00??           00168     MOVWF   Y_2_ENVIAR
004F   0E??           00169     SWAPF   ENVIAR_Y, W
0050   00??           00170     MOVWF   Y_2
0051   08??           00171     MOVFW   Y_2
0052   2???           00172     CALL    TABLA_ASCII
0053   00??           00173     MOVWF   Y_1_ENVIAR
                      00174     
0054   1A00           00175     BTFSC   EJE, 4
0055   2???           00176     GOTO    ENVIAR_Y2
Warning[207]: Found label after column 1. (ENVIAR_Y1)
0056                  00177     ENVIAR_Y1
0056   08??           00178     MOVFW   Y_1_ENVIAR
0057   0099           00179     MOVWF   TXREG
0058   1600           00180     BSF     EJE, 4
0059   0008           00181     RETURN
                      00182     
Warning[207]: Found label after column 1. (ENVIAR_Y2)
005A                  00183     ENVIAR_Y2
005A   08??           00184     MOVFW   Y_2_ENVIAR
005B   0099           00185     MOVWF   TXREG
005C   1580           00186     BSF     EJE, 3
005D   1200           00187     BCF     EJE, 4
005E   0008           00188     RETURN
                      00189     
Warning[207]: Found label after column 1. (ENVIAR_ENTER)
005F                  00190     ENVIAR_ENTER        ; EJE, 1 EN SET Y EJE, 3 EN SET, ENVIAR ENTER
MPASM 5.77                     PROYECTO2.ASM   10-28-2020  20:43:58         PAGE  5


LOC  OBJECT CODE     LINE SOURCE TEXT
  VALUE

005F   300A           00191     MOVLW   .10         ; ENTER EN ASCII
0060   0099           00192     MOVWF   TXREG
0061   1080           00193     BCF     EJE, 1
0062   1180           00194     BCF     EJE, 3
0063   0008           00195     RETURN
                      00196     
0064                  00197 COSO_RX:                    ; PRIMERA RECEPCION ES COORDENADA EN X 
0064   1900           00198     BTFSC   EJE, 2          ; Y LA SEGUNDA ES COORDENADA EN Y
0065   2???           00199     GOTO    RECIBIDOS_Y
                      00200     
Warning[207]: Found label after column 1. (RECIBIDO_X)
0066                  00201     RECIBIDO_X
0066   1A80           00202     BTFSC   EJE, 5
0067   2???           00203     GOTO    RX2
Warning[207]: Found label after column 1. (RX1)
0068                  00204     RX1
0068   081A           00205     MOVFW   RCREG
0069   00??           00206     MOVWF   RECIBIDO_X1
006A   1680           00207     BSF     EJE, 5
006B   0008           00208     RETURN
                      00209     
Warning[207]: Found label after column 1. (RX2)
006C                  00210     RX2
006C   1B00           00211     BTFSC   EJE, 6
006D   2???           00212     GOTO    COMA
006E   081A           00213     MOVFW   RCREG
006F   00??           00214     MOVWF   RECIBIDO_X2
0070   1700           00215     BSF     EJE, 6
0071   0008           00216     RETURN
                      00217     
Warning[207]: Found label after column 1. (COMA)
0072                  00218     COMA
0072   302C           00219     MOVLW   .44
Message[305]: Using default destination of 1 (file).
0073   029A           00220     SUBWF   RCREG
0074   1D03           00221     BTFSS   STATUS, Z
0075   0008           00222     RETURN
0076   1300           00223     BCF     EJE, 6
0077   1500           00224     BSF     EJE, 2
0078   1280           00225     BCF     EJE, 5
0079   0008           00226     RETURN
                      00227     
Warning[207]: Found label after column 1. (RECIBIDOS_Y)
007A                  00228     RECIBIDOS_Y
007A   1A80           00229     BTFSC   EJE, 5
007B   2???           00230     GOTO    RY2
Warning[207]: Found label after column 1. (RY1)
007C                  00231     RY1
007C   081A           00232     MOVFW   RCREG
007D   00??           00233     MOVWF   RECIBIDO_Y1
007E   1680           00234     BSF     EJE, 5
007F   0008           00235     RETURN
                      00236     
MPASM 5.77                     PROYECTO2.ASM   10-28-2020  20:43:58         PAGE  6


LOC  OBJECT CODE     LINE SOURCE TEXT
  VALUE

Warning[207]: Found label after column 1. (RY2)
0080                  00237     RY2
0080   1B00           00238     BTFSC   EJE, 6
0081   2???           00239     GOTO    ENTER
0082   081A           00240     MOVFW   RCREG
0083   00??           00241     MOVWF   RECIBIDO_Y2
0084   1700           00242     BSF     EJE, 6
0085   0008           00243     RETURN
                      00244     
Warning[207]: Found label after column 1. (ENTER)
0086                  00245     ENTER
0086   300A           00246     MOVLW   .10
0087   021A           00247     SUBWF   RCREG, W
0088   1D03           00248     BTFSS   STATUS, Z
0089   0008           00249     RETURN
008A   1300           00250     BCF     EJE, 6
008B   1280           00251     BCF     EJE, 5
008C   1100           00252     BCF     EJE, 2
008D   0008           00253     RETURN
                      00254 ;                               TABLA
                      00255 ;******************************************************************************* 
                      00256 
008E                  00257 TABLA_ASCII
                      00258 ;   87654321
                      00259 ;   .BAFGCDE
008E   390F           00260     ANDLW   B'00001111'         ; 0-F
Message[305]: Using default destination of 1 (file).
008F   0782           00261     ADDWF   PCL
                      00262     
0090   3430           00263     RETLW   0x30                ; 0     ABCDEF
0091   3431           00264     RETLW   0X31
0092   3432           00265     RETLW   0X32
0093   3433           00266     RETLW   0X33
0094   3434           00267     RETLW   0X34
0095   3435           00268     RETLW   0X35
0096   3436           00269     RETLW   0X36
0097   3437           00270     RETLW   0X37
0098   3438           00271     RETLW   0X38
0099   3439           00272     RETLW   0X39
009A   3441           00273     RETLW   0X41
009B   3442           00274     RETLW   0X42
009C   3443           00275     RETLW   0X43
009D   3444           00276     RETLW   0X44
009E   3445           00277     RETLW   0X45
009F   3446           00278     RETLW   0X46
00A0   0008           00279     RETURN
                      00280     
                      00281     
00A1                  00282 TABLA
                      00283 ;   87654321
                      00284 ;   .BAFGCDE
00A1   390F           00285     ANDLW   B'00001111'         ; 0-F
Message[305]: Using default destination of 1 (file).
MPASM 5.77                     PROYECTO2.ASM   10-28-2020  20:43:58         PAGE  7


LOC  OBJECT CODE     LINE SOURCE TEXT
  VALUE

00A2   0782           00286     ADDWF   PCL
                      00287     
00A3   3488           00288     RETLW   B'10001000'         ; 0     ABCDEF
00A4   34BB           00289     RETLW   B'10111011'         ; 1     BC
00A5   3494           00290     RETLW   B'10010100'         ; 2     ABGED
00A6   3491           00291     RETLW   B'10010001'         ; 3     ABCDG
00A7   34A3           00292     RETLW   B'10100011'         ; 4     BCFG
00A8   34C1           00293     RETLW   B'11000001'         ; 5     ACDFG
00A9   34C0           00294     RETLW   B'11000000'         ; 6     ACDEFG
00AA   349B           00295     RETLW   B'10011011'         ; 7     ABC
00AB   3480           00296     RETLW   B'10000000'         ; 8     ABCDEFG
00AC   3481           00297     RETLW   B'10000001'         ; 9     ABCDFG
00AD   3482           00298     RETLW   B'10000010'         ; A     ABCEFG
00AE   34E0           00299     RETLW   B'11100000'         ; b     CDEFG
00AF   34CC           00300     RETLW   B'11001100'         ; C     ADEF
00B0   34B0           00301     RETLW   B'10110000'         ; d     BCDEG
00B1   34C4           00302     RETLW   B'11000100'         ; E     ADEFG
00B2   34C6           00303     RETLW   B'11000110'         ; F     AEFG
00B3   0008           00304     RETURN
                      00305     
                      00306 ;                           PRINCIPAL 
                      00307 ;****************************************************************************
                      00308 MAIN_PROG   CODE
                      00309 
0000                  00310 START                       ; CONFIGURACIONES
0000   2???           00311    CALL     CONFIG_IO
0001   2???           00312    CALL     CONFIG_TMR
0002   2???           00313    CALL     CONFIG_INTERRUPT
0003   2???           00314    CALL     CONFIG_OSC
0004   2???           00315    CALL     CONFIG_ADC
0005   2???           00316    CALL     CONFIG_SERIAL
0006   2???           00317    GOTO     LOOP
                      00318    
0007                  00319 LOOP:
                      00320     
0007   3030           00321     MOVLW   0x30
0008   02??           00322     SUBWF   RECIBIDO_Y1, W
0009   00??           00323     MOVWF   DISPLAY_1
000A   3030           00324     MOVLW   0x30
000B   02??           00325     SUBWF   RECIBIDO_Y2, W
000C   00??           00326     MOVWF   DISPLAY_2
000D   3030           00327     MOVLW   0x30
000E   02??           00328     SUBWF   RECIBIDO_X1, W
000F   00??           00329     MOVWF   DISPLAY_3
0010   3030           00330     MOVLW   0x30
0011   02??           00331     SUBWF   RECIBIDO_X2, W
0012   00??           00332     MOVWF   DISPLAY_4
                      00333     
0013   149F           00334     BSF     ADCON0, GO
0014   2???           00335     GOTO    LOOP
                      00336     
                      00337 ;*******************************************************************************
0015                  00338 DISPLAYS:                       ; IR VARIANDO QUE DISPLAY ESTA PRENDIDO
MPASM 5.77                     PROYECTO2.ASM   10-28-2020  20:43:58         PAGE  8


LOC  OBJECT CODE     LINE SOURCE TEXT
  VALUE

0015   1800           00339     BTFSC   BANDERAS, 0
0016   2???           00340     GOTO    DISPLAY1
0017   1880           00341     BTFSC   BANDERAS, 1
0018   2???           00342     GOTO    DISPLAY2
0019                  00343 DISPLAY1                        ;PRENDER DISPLAY DE UNIDADES DE "X" Y "Y"
0019   0189           00344     CLRF    PORTE
001A   08??           00345     MOVFW   DISPLAY_1
001B   2???           00346     CALL    TABLA
001C   0086           00347     MOVWF   PORTB
001D   08??           00348     MOVFW   DISPLAY_3
001E   2???           00349     CALL    TABLA
001F   0088           00350     MOVWF   PORTD
0020   1409           00351     BSF     PORTE, RE0
0021   01??           00352     CLRF    BANDERAS
0022   1480           00353     BSF     BANDERAS, 1
0023   0008           00354     RETURN
                      00355 
0024                  00356 DISPLAY2                        ;PRENDER DISPLAY DE DECENAS DE "X" Y "Y"
0024   0189           00357     CLRF    PORTE
0025   08??           00358     MOVFW   DISPLAY_2
0026   2???           00359     CALL    TABLA
0027   0086           00360     MOVWF   PORTB
0028   08??           00361     MOVFW   DISPLAY_4
0029   2???           00362     CALL    TABLA
002A   0088           00363     MOVWF   PORTD
002B   1489           00364     BSF     PORTE, RE1
002C   01??           00365     CLRF    BANDERAS
002D   1400           00366     BSF     BANDERAS, 0
002E   0008           00367     RETURN
                      00368     
                      00369     
                      00370 
                      00371 
                      00372 ;                               CONFIGURACIONES
                      00373 ;*******************************************************************************
                      00374    
002F                  00375 CONFIG_IO
002F   1683 1703      00376    BANKSEL  ANSEL
Message[302]: Register in operand not in bank 0.  Ensure that bank bits are correct.
0031   0188           00377    CLRF     ANSEL
Message[302]: Register in operand not in bank 0.  Ensure that bank bits are correct.
0032   1408           00378    BSF      ANSEL, 0    ; CONFIGURAR ANSEL PARA EL CANAL AN0 Y AN1
Message[302]: Register in operand not in bank 0.  Ensure that bank bits are correct.
0033   1488           00379    BSF      ANSEL, 1
Message[302]: Register in operand not in bank 0.  Ensure that bank bits are correct.
0034   0189           00380    CLRF     ANSELH
0035   1683 1303      00381    BANKSEL  TRISA
Message[302]: Register in operand not in bank 0.  Ensure that bank bits are correct.
0037   0185           00382    CLRF     TRISA
Message[305]: Using default destination of 1 (file).
Message[302]: Register in operand not in bank 0.  Ensure that bank bits are correct.
0038   0985           00383    COMF     TRISA       ; PONER COMO INPUT EL PUERTO A
Message[302]: Register in operand not in bank 0.  Ensure that bank bits are correct.
MPASM 5.77                     PROYECTO2.ASM   10-28-2020  20:43:58         PAGE  9


LOC  OBJECT CODE     LINE SOURCE TEXT
  VALUE

0039   0186           00384    CLRF     TRISB
Message[302]: Register in operand not in bank 0.  Ensure that bank bits are correct.
003A   0188           00385    CLRF     TRISD
Message[302]: Register in operand not in bank 0.  Ensure that bank bits are correct.
003B   0189           00386    CLRF     TRISE       ; COLOCAR PUERTOS COMO SALIDAS
003C   1283 1303      00387    BANKSEL  PORTD
003E   0185           00388    CLRF     PORTA
003F   0186           00389    CLRF     PORTB
0040   0189           00390    CLRF     PORTE
0041   0188           00391    CLRF     PORTD
0042   01??           00392    CLRF     ENVIAR_Y     ; PONER EN 0 LAS VARIABLES A USAR
0043   01??           00393    CLRF     ENVIAR_X
0044   01??           00394    CLRF     DISPLAY_1
0045   01??           00395    CLRF     DISPLAY_2
0046   01??           00396    CLRF     DISPLAY_3
0047   01??           00397    CLRF     DISPLAY_4
0048   01??           00398    CLRF     ENVIAR_Y
0049   01??           00399    CLRF     RECIBIDO_Y1
004A   01??           00400    CLRF     RECIBIDO_Y2
004B   01??           00401    CLRF     ENVIAR_X
004C   01??           00402    CLRF     RECIBIDO_X1
004D   01??           00403    CLRF     RECIBIDO_X2
004E   01??           00404    CLRF     X_1
004F   01??           00405    CLRF     X_2
0050   01??           00406    CLRF     Y_1
0051   01??           00407    CLRF     Y_2
0052   01??           00408    CLRF     DISPLAYX1
0053   01??           00409    CLRF     DISPLAYX2
0054   01??           00410    CLRF     DISPLAYY1
0055   01??           00411    CLRF     DISPLAYY2
0056   01??           00412    CLRF     EJE
0057   0008           00413    RETURN
                      00414    
0058                  00415 CONFIG_OSC              ; CONFIGURACION DEL RELOJ
0058   1683 1303      00416    BANKSEL  OSCCON
005A   3061           00417    MOVLW    B'01100001'
Message[302]: Register in operand not in bank 0.  Ensure that bank bits are correct.
005B   080F           00418    MOVFW    OSCCON
005C   0008           00419    RETURN
                      00420    
005D                  00421 CONFIG_ADC:                 ; CONFIGURACION ADC
005D   1683 1303      00422    BANKSEL  ADCON1
Message[302]: Register in operand not in bank 0.  Ensure that bank bits are correct.
005F   019F           00423    CLRF     ADCON1
0060   1283 1303      00424    BANKSEL  ADCON0
0062   3087           00425    MOVLW    B'10000111'     ; CANAL INICIAL AN1
0063   009F           00426    MOVWF    ADCON0
0064   0008           00427    RETURN
                      00428    
                      00429 
0065                  00430 CONFIG_TMR                          ; 2 mS PARA DISPLAYS
0065   1683 1303      00431     BANKSEL OPTION_REG
0067   0064           00432     CLRWDT
MPASM 5.77                     PROYECTO2.ASM   10-28-2020  20:43:58         PAGE 10


LOC  OBJECT CODE     LINE SOURCE TEXT
  VALUE

0068   30D7           00433     MOVLW   b'11010111'
Message[302]: Register in operand not in bank 0.  Ensure that bank bits are correct.
0069   0081           00434     MOVWF   OPTION_REG  
006A   1283 1303      00435     BANKSEL PORTA
006C   30FF           00436     MOVLW   .255
006D   0092           00437     MOVWF   T2CON
006E   0008           00438     RETURN
                      00439 
                      00440     
006F                  00441 CONFIG_INTERRUPT:
006F   1683 1303      00442     BANKSEL TRISA
Message[302]: Register in operand not in bank 0.  Ensure that bank bits are correct.
0071   170C           00443     BSF     PIE1, ADIE          ; HABILITAR INTERRUPCIONES DEL ADC, TX Y RX
Message[302]: Register in operand not in bank 0.  Ensure that bank bits are correct.
0072   140C           00444     BSF     PIE1, TMR1IE        ; TMR0 Y TMR2
Message[302]: Register in operand not in bank 0.  Ensure that bank bits are correct.
0073   148C           00445     BSF     PIE1, TMR2IE
Message[302]: Register in operand not in bank 0.  Ensure that bank bits are correct.
0074   168C           00446     BSF     PIE1, RCIE
                      00447     ;BSF            PIE1, TXIE
0075   168B           00448     BSF     INTCON, T0IE
0076   170B           00449     BSF     INTCON, PEIE
                      00450     
0077   3014           00451     MOVLW   .20
Message[302]: Register in operand not in bank 0.  Ensure that bank bits are correct.
0078   0092           00452     MOVWF   PR2
                      00453     
0079   1283 1303      00454     BANKSEL PORTA
007B   178B           00455     BSF     INTCON, GIE
007C   110B           00456     BCF     INTCON, T0IF
007D   0008           00457     RETURN
                      00458   
007E                  00459 CONFIG_SERIAL
007E   1683 1303      00460     BANKSEL TXSTA           ; CONFIGURACION DEL TX
Message[302]: Register in operand not in bank 0.  Ensure that bank bits are correct.
0080   1218           00461     BCF     TXSTA, SYNC
Message[302]: Register in operand not in bank 0.  Ensure that bank bits are correct.
0081   1698           00462     BSF     TXSTA, TXEN
Message[302]: Register in operand not in bank 0.  Ensure that bank bits are correct.
0082   1518           00463     BSF     TXSTA, BRGH
Message[302]: Register in operand not in bank 0.  Ensure that bank bits are correct.
0083   1318           00464     BCF     TXSTA, TX9
                      00465     
0084   1683 1703      00466     BANKSEL BAUDCTL         ; CONFIGURACION DE LA VELOCIDAD
Message[302]: Register in operand not in bank 0.  Ensure that bank bits are correct.
0086   1187           00467     BCF     BAUDCTL, BRG16
0087   1683 1303      00468     BANKSEL SPBRG
0089   3019           00469     MOVLW   .25
Message[302]: Register in operand not in bank 0.  Ensure that bank bits are correct.
008A   0099           00470     MOVWF   SPBRG
Message[302]: Register in operand not in bank 0.  Ensure that bank bits are correct.
008B   019A           00471     CLRF    SPBRGH
008C   1283 1303      00472     BANKSEL RCSTA
MPASM 5.77                     PROYECTO2.ASM   10-28-2020  20:43:58         PAGE 11


LOC  OBJECT CODE     LINE SOURCE TEXT
  VALUE

008E   1798           00473     BSF     RCSTA, SPEN     ; CONFIGURACION DEL RX
008F   1318           00474     BCF     RCSTA, RX9
0090   1618           00475     BSF     RCSTA, CREN
0091   1283 1303      00476     BANKSEL PORTA
0093   0008           00477     RETURN
                      00478 
                      00479 
                      00480     
Warning[207]: Found label after column 1. (DELAY_1)
0094                  00481     DELAY_1                 ; DELAYS
0094   30FA           00482     MOVLW   .250
0095   00??           00483     MOVWF   TIEMPO_1
Warning[207]: Found label after column 1. (CONFIG1)
0096                  00484     CONFIG1:
0096   2???           00485     CALL    DELAY_2
0097   0B??           00486     DECFSZ  TIEMPO_1, F
0098   2???           00487     GOTO    CONFIG1
0099   0008           00488     RETURN
                      00489 
Warning[207]: Found label after column 1. (DELAY_2)
009A                  00490     DELAY_2
009A   30FA           00491     MOVLW   .250
009B   00??           00492     MOVWF    TIEMPO_2
Warning[207]: Found label after column 1. (CONFIG2)
009C                  00493     CONFIG2:
009C   0B??           00494     DECFSZ  TIEMPO_2, F
009D   2???           00495     GOTO    CONFIG2
009E   0008           00496     RETURN
                      00497 
Warning[205]: Found directive in column 1. (END)
20D4 3FFF             00498 END
MPASM 5.77                     PROYECTO2.ASM   10-28-2020  20:43:58         PAGE 12


SYMBOL TABLE
  LABEL                             VALUE 

ABDEN                             00000000
ABDOVF                            00000007
ACKDT                             00000005
ACKEN                             00000004
ACKSTAT                           00000006
ADCON0                            0000001F
ADCON1                            0000009F
ADCS0                             00000006
ADCS1                             00000007
ADDEN                             00000003
ADFM                              00000007
ADIE                              00000006
ADIF                              00000006
ADON                              00000000
ADRESH                            0000001E
ADRESL                            0000009E
ANS0                              00000000
ANS1                              00000001
ANS10                             00000002
ANS11                             00000003
ANS12                             00000004
ANS13                             00000005
ANS2                              00000002
ANS3                              00000003
ANS4                              00000004
ANS5                              00000005
ANS6                              00000006
ANS7                              00000007
ANS8                              00000000
ANS9                              00000001
ANSEL                             00000188
ANSELH                            00000189
BANDERAS                          00000002
BAUDCTL                           00000187
BCLIE                             00000003
BCLIF                             00000003
BF                                00000000
BRG0                              00000000
BRG1                              00000001
BRG10                             00000002
BRG11                             00000003
BRG12                             00000004
BRG13                             00000005
BRG14                             00000006
BRG15                             00000007
BRG16                             00000003
BRG2                              00000002
BRG3                              00000003
BRG4                              00000004
BRG5                              00000005
BRG6                              00000006
BRG7                              00000007
BRG8                              00000000
MPASM 5.77                     PROYECTO2.ASM   10-28-2020  20:43:58         PAGE 13


SYMBOL TABLE
  LABEL                             VALUE 

BRG9                              00000001
BRGH                              00000002
C                                 00000000
C1CH0                             00000000
C1CH1                             00000001
C1IE                              00000005
C1IF                              00000005
C1OE                              00000005
C1ON                              00000007
C1OUT                             00000006
C1POL                             00000004
C1R                               00000002
C1RSEL                            00000005
C1SEN                             00000005
C2CH0                             00000000
C2CH1                             00000001
C2IE                              00000006
C2IF                              00000006
C2OE                              00000005
C2ON                              00000007
C2OUT                             00000006
C2POL                             00000004
C2R                               00000002
C2REN                             00000004
C2RSEL                            00000004
C2SYNC                            00000000
CCP1CON                           00000017
CCP1IE                            00000002
CCP1IF                            00000002
CCP1M0                            00000000
CCP1M1                            00000001
CCP1M2                            00000002
CCP1M3                            00000003
CCP1X                             00000005
CCP1Y                             00000004
CCP2CON                           0000001D
CCP2IE                            00000000
CCP2IF                            00000000
CCP2M0                            00000000
CCP2M1                            00000001
CCP2M2                            00000002
CCP2M3                            00000003
CCP2X                             00000005
CCP2Y                             00000004
CCPR1                             00000015
CCPR1H                            00000016
CCPR1L                            00000015
CCPR2                             0000001B
CCPR2H                            0000001C
CCPR2L                            0000001B
CHS0                              00000002
CHS1                              00000003
CHS2                              00000004
MPASM 5.77                     PROYECTO2.ASM   10-28-2020  20:43:58         PAGE 14


SYMBOL TABLE
  LABEL                             VALUE 

CHS3                              00000005
CKE                               00000006
CKP                               00000004
CM1CON0                           00000107
CM2CON0                           00000108
CM2CON1                           00000109
COMA                              00000072
CONFIG1                           00000096
CONFIG2                           0000009C
CONFIG_ADC                        0000005D
CONFIG_INTERRUPT                  0000006F
CONFIG_IO                         0000002F
CONFIG_OSC                        00000058
CONFIG_SERIAL                     0000007E
CONFIG_TMR                        00000065
COSO_ADC                          0000001E
COSO_RX                           00000064
COSO_TX                           0000002E
CREN                              00000004
CSRC                              00000007
D                                 00000005
DATA_ADDRESS                      00000005
DC                                00000001
DC1B0                             00000004
DC1B1                             00000005
DC2B0                             00000004
DC2B1                             00000005
DELAY_1                           00000094
DELAY_2                           0000009A
DISPLAY1                          00000019
DISPLAY2                          00000024
DISPLAYS                          00000015
DISPLAYX1                         0000001A
DISPLAYX2                         0000001B
DISPLAYY1                         0000001C
DISPLAYY2                         0000001D
DISPLAY_1                         00000007
DISPLAY_2                         00000008
DISPLAY_3                         00000009
DISPLAY_4                         0000000A
D_A                               00000005
D_NOT_A                           00000005
ECCPAS                            0000009C
ECCPAS0                           00000004
ECCPAS1                           00000005
ECCPAS2                           00000006
ECCPASE                           00000007
EEADR                             0000010D
EEADRH                            0000010F
EECON1                            0000018C
EECON2                            0000018D
EEDAT                             0000010C
EEDATA                            0000010C
MPASM 5.77                     PROYECTO2.ASM   10-28-2020  20:43:58         PAGE 15


SYMBOL TABLE
  LABEL                             VALUE 

EEDATH                            0000010E
EEIE                              00000004
EEIF                              00000004
EEPGD                             00000007
EJE                               0000000B
EJE_X                             00000020
EJE_Y                             00000026
ENTER                             00000086
ENVIAR_COMA                       00000045
ENVIAR_EJEX                       00000032
ENVIAR_EJEY                       0000004A
ENVIAR_ENTER                      0000005F
ENVIAR_X                          0000000F
ENVIAR_X1                         0000003C
ENVIAR_X2                         00000040
ENVIAR_Y                          0000000C
ENVIAR_Y1                         00000056
ENVIAR_Y2                         0000005A
F                                 00000001
FERR                              00000002
FSR                               00000004
FUE_TMR0                          00000019
FUE_TMR2                          00000015
FVREN                             00000000
GCEN                              00000007
GIE                               00000007
GO                                00000001
GO_DONE                           00000001
GO_NOT_DONE                       00000001
HTS                               00000002
I2C_DATA                          00000005
I2C_READ                          00000002
I2C_START                         00000003
I2C_STOP                          00000004
INDF                              00000000
INTCON                            0000000B
INTE                              00000004
INTEDG                            00000006
INTF                              00000001
IOCB                              00000096
IOCB0                             00000000
IOCB1                             00000001
IOCB2                             00000002
IOCB3                             00000003
IOCB4                             00000004
IOCB5                             00000005
IOCB6                             00000006
IOCB7                             00000007
IRCF0                             00000004
IRCF1                             00000005
IRCF2                             00000006
IRP                               00000007
ISR                               00000008
MPASM 5.77                     PROYECTO2.ASM   10-28-2020  20:43:58         PAGE 16


SYMBOL TABLE
  LABEL                             VALUE 

LOOP                              00000007
LTS                               00000001
MC1OUT                            00000007
MC2OUT                            00000006
MSK                               00000093
MSK0                              00000000
MSK1                              00000001
MSK2                              00000002
MSK3                              00000003
MSK4                              00000004
MSK5                              00000005
MSK6                              00000006
MSK7                              00000007
NIBBLE_H                          00000000
NIBBLE_L                          00000001
NOT_A                             00000005
NOT_ADDRESS                       00000005
NOT_BO                            00000000
NOT_BOR                           00000000
NOT_DONE                          00000001
NOT_PD                            00000003
NOT_POR                           00000001
NOT_RBPU                          00000007
NOT_RC8                           00000006
NOT_T1SYNC                        00000002
NOT_TO                            00000004
NOT_TX8                           00000006
NOT_W                             00000002
NOT_WRITE                         00000002
OERR                              00000001
OPTION_REG                        00000081
OSCCON                            0000008F
OSCTUNE                           00000090
OSFIE                             00000007
OSFIF                             00000007
OSTS                              00000003
P                                 00000004
P1M0                              00000006
P1M1                              00000007
PCL                               00000002
PCLATH                            0000000A
PCON                              0000008E
PDC0                              00000000
PDC1                              00000001
PDC2                              00000002
PDC3                              00000003
PDC4                              00000004
PDC5                              00000005
PDC6                              00000006
PEIE                              00000006
PEN                               00000002
PIE1                              0000008C
PIE2                              0000008D
MPASM 5.77                     PROYECTO2.ASM   10-28-2020  20:43:58         PAGE 17


SYMBOL TABLE
  LABEL                             VALUE 

PIR1                              0000000C
PIR2                              0000000D
POP                               00000010
PORTA                             00000005
PORTB                             00000006
PORTC                             00000007
PORTD                             00000008
PORTE                             00000009
PR2                               00000092
PRSEN                             00000007
PS0                               00000000
PS1                               00000001
PS2                               00000002
PSA                               00000003
PSSAC0                            00000002
PSSAC1                            00000003
PSSBD0                            00000000
PSSBD1                            00000001
PSTRCON                           0000009D
PULSR                             00000002
PULSS                             00000003
PUSH                              00000004
PWM1CON                           0000009B
R                                 00000002
RA0                               00000000
RA1                               00000001
RA2                               00000002
RA3                               00000003
RA4                               00000004
RA5                               00000005
RA6                               00000006
RA7                               00000007
RB0                               00000000
RB1                               00000001
RB2                               00000002
RB3                               00000003
RB4                               00000004
RB5                               00000005
RB6                               00000006
RB7                               00000007
RBIE                              00000003
RBIF                              00000000
RC0                               00000000
RC1                               00000001
RC2                               00000002
RC3                               00000003
RC4                               00000004
RC5                               00000005
RC6                               00000006
RC7                               00000007
RC8_9                             00000006
RC9                               00000006
RCD8                              00000000
MPASM 5.77                     PROYECTO2.ASM   10-28-2020  20:43:58         PAGE 18


SYMBOL TABLE
  LABEL                             VALUE 

RCEN                              00000003
RCIDL                             00000006
RCIE                              00000005
RCIF                              00000005
RCREG                             0000001A
RCSTA                             00000018
RD                                00000000
RD0                               00000000
RD1                               00000001
RD2                               00000002
RD3                               00000003
RD4                               00000004
RD5                               00000005
RD6                               00000006
RD7                               00000007
RE0                               00000000
RE1                               00000001
RE2                               00000002
RE3                               00000003
READ_WRITE                        00000002
RECIBIDOS_Y                       0000007A
RECIBIDO_X                        00000066
RECIBIDO_X1                       00000010
RECIBIDO_X2                       00000011
RECIBIDO_Y1                       0000000D
RECIBIDO_Y2                       0000000E
RP0                               00000005
RP1                               00000006
RSEN                              00000001
RX1                               00000068
RX2                               0000006C
RX9                               00000006
RX9D                              00000000
RY1                               0000007C
RY2                               00000080
R_NOT_W                           00000002
R_W                               00000002
S                                 00000003
SBOREN                            00000004
SCKP                              00000004
SCS                               00000000
SEN                               00000000
SENDB                             00000003
SMP                               00000007
SPBRG                             00000099
SPBRGH                            0000009A
SPEN                              00000007
SR0                               00000006
SR1                               00000007
SRCON                             00000185
SREN                              00000005
SSPADD                            00000093
SSPBUF                            00000013
MPASM 5.77                     PROYECTO2.ASM   10-28-2020  20:43:58         PAGE 19


SYMBOL TABLE
  LABEL                             VALUE 

SSPCON                            00000014
SSPCON2                           00000091
SSPEN                             00000005
SSPIE                             00000003
SSPIF                             00000003
SSPM0                             00000000
SSPM1                             00000001
SSPM2                             00000002
SSPM3                             00000003
SSPMSK                            00000093
SSPOV                             00000006
SSPSTAT                           00000094
START                             00000000
STATUS                            00000003
STRA                              00000000
STRB                              00000001
STRC                              00000002
STRD                              00000003
STRSYNC                           00000004
SWDTEN                            00000000
SYNC                              00000004
T0CS                              00000005
T0IE                              00000005
T0IF                              00000002
T0SE                              00000004
T1CKPS0                           00000004
T1CKPS1                           00000005
T1CON                             00000010
T1GINV                            00000007
T1GIV                             00000007
T1GSS                             00000001
T1INSYNC                          00000002
T1OSCEN                           00000003
T1SYNC                            00000002
T2CKPS0                           00000000
T2CKPS1                           00000001
T2CON                             00000012
TABLA                             000000A1
TABLA_ASCII                       0000008E
TERMINAR                          0000002B
TIEMPO_1                          00000005
TIEMPO_2                          00000006
TMR0                              00000001
TMR0IE                            00000005
TMR0IF                            00000002
TMR1                              0000000E
TMR1CS                            00000001
TMR1GE                            00000006
TMR1H                             0000000F
TMR1IE                            00000000
TMR1IF                            00000000
TMR1L                             0000000E
TMR1ON                            00000000
MPASM 5.77                     PROYECTO2.ASM   10-28-2020  20:43:58         PAGE 20


SYMBOL TABLE
  LABEL                             VALUE 

TMR2                              00000011
TMR2IE                            00000001
TMR2IF                            00000001
TMR2ON                            00000002
TOUTPS0                           00000003
TOUTPS1                           00000004
TOUTPS2                           00000005
TOUTPS3                           00000006
TRISA                             00000085
TRISA0                            00000000
TRISA1                            00000001
TRISA2                            00000002
TRISA3                            00000003
TRISA4                            00000004
TRISA5                            00000005
TRISA6                            00000006
TRISA7                            00000007
TRISB                             00000086
TRISB0                            00000000
TRISB1                            00000001
TRISB2                            00000002
TRISB3                            00000003
TRISB4                            00000004
TRISB5                            00000005
TRISB6                            00000006
TRISB7                            00000007
TRISC                             00000087
TRISC0                            00000000
TRISC1                            00000001
TRISC2                            00000002
TRISC3                            00000003
TRISC4                            00000004
TRISC5                            00000005
TRISC6                            00000006
TRISC7                            00000007
TRISD                             00000088
TRISD0                            00000000
TRISD1                            00000001
TRISD2                            00000002
TRISD3                            00000003
TRISD4                            00000004
TRISD5                            00000005
TRISD6                            00000006
TRISD7                            00000007
TRISE                             00000089
TRISE0                            00000000
TRISE1                            00000001
TRISE2                            00000002
TRISE3                            00000003
TRMT                              00000001
TUN0                              00000000
TUN1                              00000001
TUN2                              00000002
MPASM 5.77                     PROYECTO2.ASM   10-28-2020  20:43:58         PAGE 21


SYMBOL TABLE
  LABEL                             VALUE 

TUN3                              00000003
TUN4                              00000004
TX8_9                             00000006
TX9                               00000006
TX9D                              00000000
TXD8                              00000000
TXEN                              00000005
TXIE                              00000004
TXIF                              00000004
TXREG                             00000019
TXSTA                             00000098
UA                                00000001
ULPWUE                            00000005
ULPWUIE                           00000002
ULPWUIF                           00000002
VAR_STATUS                        00000004
VCFG0                             00000004
VCFG1                             00000005
VR0                               00000000
VR1                               00000001
VR2                               00000002
VR3                               00000003
VRCON                             00000097
VREN                              00000007
VROE                              00000006
VRR                               00000005
VRSS                              00000004
W                                 00000000
WCOL                              00000007
WDTCON                            00000105
WDTPS0                            00000001
WDTPS1                            00000002
WDTPS2                            00000003
WDTPS3                            00000004
WPUB                              00000095
WPUB0                             00000000
WPUB1                             00000001
WPUB2                             00000002
WPUB3                             00000003
WPUB4                             00000004
WPUB5                             00000005
WPUB6                             00000006
WPUB7                             00000007
WR                                00000001
WREN                              00000002
WRERR                             00000003
WUE                               00000001
W_TEMP                            00000003
X_1                               00000012
X_1_ENVIAR                        00000016
X_2                               00000013
X_2_ENVIAR                        00000017
Y_1                               00000014
MPASM 5.77                     PROYECTO2.ASM   10-28-2020  20:43:58         PAGE 22


SYMBOL TABLE
  LABEL                             VALUE 

Y_1_ENVIAR                        00000018
Y_2                               00000015
Y_2_ENVIAR                        00000019
Z                                 00000002
_BOR21V                           00003EFF
_BOR40V                           00003FFF
_BOR4V_BOR21V                     00003EFF
_BOR4V_BOR40V                     00003FFF
_BOREN_NSLEEP                     00003EFF
_BOREN_OFF                        00003CFF
_BOREN_ON                         00003FFF
_BOREN_SBODEN                     00003DFF
_BOR_NSLEEP                       00003EFF
_BOR_OFF                          00003CFF
_BOR_ON                           00003FFF
_BOR_SBODEN                       00003DFF
_CONFIG1                          00002007
_CONFIG2                          00002008
_CPD_OFF                          00003FFF
_CPD_ON                           00003F7F
_CP_OFF                           00003FFF
_CP_ON                            00003FBF
_DEBUG_OFF                        00003FFF
_DEBUG_ON                         00001FFF
_DEVID1                           00002006
_EC_OSC                           00003FFB
_EXTRC                            00003FFF
_EXTRCIO                          00003FFE
_EXTRC_OSC_CLKOUT                 00003FFF
_EXTRC_OSC_NOCLKOUT               00003FFE
_FCMEN_OFF                        000037FF
_FCMEN_ON                         00003FFF
_FOSC_EC                          00003FFB
_FOSC_EXTRC_CLKOUT                00003FFF
_FOSC_EXTRC_NOCLKOUT              00003FFE
_FOSC_HS                          00003FFA
_FOSC_INTRC_CLKOUT                00003FFD
_FOSC_INTRC_NOCLKOUT              00003FFC
_FOSC_LP                          00003FF8
_FOSC_XT                          00003FF9
_HS_OSC                           00003FFA
_IDLOC0                           00002000
_IDLOC1                           00002001
_IDLOC2                           00002002
_IDLOC3                           00002003
_IESO_OFF                         00003BFF
_IESO_ON                          00003FFF
_INTOSC                           00003FFD
_INTOSCIO                         00003FFC
_INTRC_OSC_CLKOUT                 00003FFD
_INTRC_OSC_NOCLKOUT               00003FFC
_LP_OSC                           00003FF8
_LVP_OFF                          00002FFF
MPASM 5.77                     PROYECTO2.ASM   10-28-2020  20:43:58         PAGE 23


SYMBOL TABLE
  LABEL                             VALUE 

_LVP_ON                           00003FFF
_MCLRE_OFF                        00003FDF
_MCLRE_ON                         00003FFF
_PWRTE_OFF                        00003FFF
_PWRTE_ON                         00003FEF
_WDTE_OFF                         00003FF7
_WDTE_ON                          00003FFF
_WDT_OFF                          00003FF7
_WDT_ON                           00003FFF
_WRT_1FOURTH                      00003BFF
_WRT_256                          00003DFF
_WRT_HALF                         000039FF
_WRT_OFF                          00003FFF
_XT_OSC                           00003FF9
__16F887                          00000001

Errors   :     0
Warnings :    24 reported,     0 suppressed
Messages :    28 reported,     0 suppressed

