Warning[207] C:\USERS\SERVI\MPLABXPROJECTS\PROYECTO_2.X\PROYECTO2.ASM 99 : Found label after column 1. (EJE_X)
Warning[207] C:\USERS\SERVI\MPLABXPROJECTS\PROYECTO_2.X\PROYECTO2.ASM 107 : Found label after column 1. (EJE_Y)
Warning[207] C:\USERS\SERVI\MPLABXPROJECTS\PROYECTO_2.X\PROYECTO2.ASM 114 : Found label after column 1. (TERMINAR)
Warning[207] C:\USERS\SERVI\MPLABXPROJECTS\PROYECTO_2.X\PROYECTO2.ASM 129 : Found label after column 1. (ENVIAR_EJEX)
Warning[207] C:\USERS\SERVI\MPLABXPROJECTS\PROYECTO_2.X\PROYECTO2.ASM 142 : Found label after column 1. (ENVIAR_X1)
Warning[207] C:\USERS\SERVI\MPLABXPROJECTS\PROYECTO_2.X\PROYECTO2.ASM 148 : Found label after column 1. (ENVIAR_X2)
Warning[207] C:\USERS\SERVI\MPLABXPROJECTS\PROYECTO_2.X\PROYECTO2.ASM 155 : Found label after column 1. (ENVIAR_COMA)
Warning[207] C:\USERS\SERVI\MPLABXPROJECTS\PROYECTO_2.X\PROYECTO2.ASM 163 : Found label after column 1. (ENVIAR_EJEY)
Warning[207] C:\USERS\SERVI\MPLABXPROJECTS\PROYECTO_2.X\PROYECTO2.ASM 177 : Found label after column 1. (ENVIAR_Y1)
Warning[207] C:\USERS\SERVI\MPLABXPROJECTS\PROYECTO_2.X\PROYECTO2.ASM 183 : Found label after column 1. (ENVIAR_Y2)
Warning[207] C:\USERS\SERVI\MPLABXPROJECTS\PROYECTO_2.X\PROYECTO2.ASM 190 : Found label after column 1. (ENVIAR_ENTER)
Warning[207] C:\USERS\SERVI\MPLABXPROJECTS\PROYECTO_2.X\PROYECTO2.ASM 201 : Found label after column 1. (RECIBIDO_X)
Warning[207] C:\USERS\SERVI\MPLABXPROJECTS\PROYECTO_2.X\PROYECTO2.ASM 204 : Found label after column 1. (RX1)
Warning[207] C:\USERS\SERVI\MPLABXPROJECTS\PROYECTO_2.X\PROYECTO2.ASM 210 : Found label after column 1. (RX2)
Warning[207] C:\USERS\SERVI\MPLABXPROJECTS\PROYECTO_2.X\PROYECTO2.ASM 218 : Found label after column 1. (COMA)
Message[305] C:\USERS\SERVI\MPLABXPROJECTS\PROYECTO_2.X\PROYECTO2.ASM 220 : Using default destination of 1 (file).
Warning[207] C:\USERS\SERVI\MPLABXPROJECTS\PROYECTO_2.X\PROYECTO2.ASM 228 : Found label after column 1. (RECIBIDOS_Y)
Warning[207] C:\USERS\SERVI\MPLABXPROJECTS\PROYECTO_2.X\PROYECTO2.ASM 231 : Found label after column 1. (RY1)
Warning[207] C:\USERS\SERVI\MPLABXPROJECTS\PROYECTO_2.X\PROYECTO2.ASM 237 : Found label after column 1. (RY2)
Warning[207] C:\USERS\SERVI\MPLABXPROJECTS\PROYECTO_2.X\PROYECTO2.ASM 245 : Found label after column 1. (ENTER)
Message[305] C:\USERS\SERVI\MPLABXPROJECTS\PROYECTO_2.X\PROYECTO2.ASM 261 : Using default destination of 1 (file).
Message[305] C:\USERS\SERVI\MPLABXPROJECTS\PROYECTO_2.X\PROYECTO2.ASM 286 : Using default destination of 1 (file).
Message[302] C:\USERS\SERVI\MPLABXPROJECTS\PROYECTO_2.X\PROYECTO2.ASM 377 : Register in operand not in bank 0.  Ensure that bank bits are correct.
Message[302] C:\USERS\SERVI\MPLABXPROJECTS\PROYECTO_2.X\PROYECTO2.ASM 378 : Register in operand not in bank 0.  Ensure that bank bits are correct.
Message[302] C:\USERS\SERVI\MPLABXPROJECTS\PROYECTO_2.X\PROYECTO2.ASM 379 : Register in operand not in bank 0.  Ensure that bank bits are correct.
Message[302] C:\USERS\SERVI\MPLABXPROJECTS\PROYECTO_2.X\PROYECTO2.ASM 380 : Register in operand not in bank 0.  Ensure that bank bits are correct.
Message[302] C:\USERS\SERVI\MPLABXPROJECTS\PROYECTO_2.X\PROYECTO2.ASM 382 : Register in operand not in bank 0.  Ensure that bank bits are correct.
Message[305] C:\USERS\SERVI\MPLABXPROJECTS\PROYECTO_2.X\PROYECTO2.ASM 383 : Using default destination of 1 (file).
Message[302] C:\USERS\SERVI\MPLABXPROJECTS\PROYECTO_2.X\PROYECTO2.ASM 383 : Register in operand not in bank 0.  Ensure that bank bits are correct.
Message[302] C:\USERS\SERVI\MPLABXPROJECTS\PROYECTO_2.X\PROYECTO2.ASM 384 : Register in operand not in bank 0.  Ensure that bank bits are correct.
Message[302] C:\USERS\SERVI\MPLABXPROJECTS\PROYECTO_2.X\PROYECTO2.ASM 385 : Register in operand not in bank 0.  Ensure that bank bits are correct.
Message[302] C:\USERS\SERVI\MPLABXPROJECTS\PROYECTO_2.X\PROYECTO2.ASM 386 : Register in operand not in bank 0.  Ensure that bank bits are correct.
Message[302] C:\USERS\SERVI\MPLABXPROJECTS\PROYECTO_2.X\PROYECTO2.ASM 418 : Register in operand not in bank 0.  Ensure that bank bits are correct.
Message[302] C:\USERS\SERVI\MPLABXPROJECTS\PROYECTO_2.X\PROYECTO2.ASM 423 : Register in operand not in bank 0.  Ensure that bank bits are correct.
Message[302] C:\USERS\SERVI\MPLABXPROJECTS\PROYECTO_2.X\PROYECTO2.ASM 434 : Register in operand not in bank 0.  Ensure that bank bits are correct.
Message[302] C:\USERS\SERVI\MPLABXPROJECTS\PROYECTO_2.X\PROYECTO2.ASM 443 : Register in operand not in bank 0.  Ensure that bank bits are correct.
Message[302] C:\USERS\SERVI\MPLABXPROJECTS\PROYECTO_2.X\PROYECTO2.ASM 444 : Register in operand not in bank 0.  Ensure that bank bits are correct.
Message[302] C:\USERS\SERVI\MPLABXPROJECTS\PROYECTO_2.X\PROYECTO2.ASM 445 : Register in operand not in bank 0.  Ensure that bank bits are correct.
Message[302] C:\USERS\SERVI\MPLABXPROJECTS\PROYECTO_2.X\PROYECTO2.ASM 446 : Register in operand not in bank 0.  Ensure that bank bits are correct.
Message[302] C:\USERS\SERVI\MPLABXPROJECTS\PROYECTO_2.X\PROYECTO2.ASM 452 : Register in operand not in bank 0.  Ensure that bank bits are correct.
Message[302] C:\USERS\SERVI\MPLABXPROJECTS\PROYECTO_2.X\PROYECTO2.ASM 461 : Register in operand not in bank 0.  Ensure that bank bits are correct.
Message[302] C:\USERS\SERVI\MPLABXPROJECTS\PROYECTO_2.X\PROYECTO2.ASM 462 : Register in operand not in bank 0.  Ensure that bank bits are correct.
Message[302] C:\USERS\SERVI\MPLABXPROJECTS\PROYECTO_2.X\PROYECTO2.ASM 463 : Register in operand not in bank 0.  Ensure that bank bits are correct.
Message[302] C:\USERS\SERVI\MPLABXPROJECTS\PROYECTO_2.X\PROYECTO2.ASM 464 : Register in operand not in bank 0.  Ensure that bank bits are correct.
Message[302] C:\USERS\SERVI\MPLABXPROJECTS\PROYECTO_2.X\PROYECTO2.ASM 467 : Register in operand not in bank 0.  Ensure that bank bits are correct.
Message[302] C:\USERS\SERVI\MPLABXPROJECTS\PROYECTO_2.X\PROYECTO2.ASM 470 : Register in operand not in bank 0.  Ensure that bank bits are correct.
Message[302] C:\USERS\SERVI\MPLABXPROJECTS\PROYECTO_2.X\PROYECTO2.ASM 471 : Register in operand not in bank 0.  Ensure that bank bits are correct.
Warning[207] C:\USERS\SERVI\MPLABXPROJECTS\PROYECTO_2.X\PROYECTO2.ASM 481 : Found label after column 1. (DELAY_1)
Warning[207] C:\USERS\SERVI\MPLABXPROJECTS\PROYECTO_2.X\PROYECTO2.ASM 484 : Found label after column 1. (CONFIG1)
Warning[207] C:\USERS\SERVI\MPLABXPROJECTS\PROYECTO_2.X\PROYECTO2.ASM 490 : Found label after column 1. (DELAY_2)
Warning[207] C:\USERS\SERVI\MPLABXPROJECTS\PROYECTO_2.X\PROYECTO2.ASM 493 : Found label after column 1. (CONFIG2)
Warning[205] C:\USERS\SERVI\MPLABXPROJECTS\PROYECTO_2.X\PROYECTO2.ASM 498 : Found directive in column 1. (END)
